2024-10-13 21:41:35,078 - FTP-Logging: 530 Not logged in.
2024-10-13 21:42:13,467 - FTP: 530 Not logged in.
2024-10-13 21:43:05,723 - FTP: [WinError 10061] No connection could be made because the target machine actively refused it
2024-10-13 21:45:39,588 - [WinError 10061] No connection could be made because the target machine actively refused it
2024-10-13 22:01:08,066 - FTP: '>' not supported between instances of 'str' and 'int'
2024-10-13 22:02:19,101 - FTP: [WinError 10061] No connection could be made because the target machine actively refused it
2024-10-13 22:02:32,393 - FTP: [WinError 10061] No connection could be made because the target machine actively refused it
2024-10-13 22:03:52,936 - FTP: [WinError 10061] No connection could be made because the target machine actively refused it
2024-10-13 22:05:13,676 - FTP: '>' not supported between instances of 'str' and 'int'
2024-10-13 22:07:36,574 - FTP: '>' not supported between instances of 'str' and 'int'
2024-10-13 22:08:51,924 - FTP: [WinError 10061] No connection could be made because the target machine actively refused it
2024-10-13 22:10:56,267 - FTP: [WinError 10061] No connection could be made because the target machine actively refused it
2024-10-13 22:12:41,170 - FTP: 530 Not logged in.
2024-10-13 22:16:49,831 - FTP: 530 Not logged in.
2024-10-13 22:17:36,961 - FTP: [Errno 11001] getaddrinfo failed
2024-10-13 22:18:04,407 - FTP: [WinError 10061] No connection could be made because the target machine actively refused it
2024-10-13 22:18:37,257 - FTP: [WinError 10061] No connection could be made because the target machine actively refused it
2024-10-13 22:19:14,943 - FTP: [WinError 10061] No connection could be made because the target machine actively refused it
2024-10-13 22:20:09,988 - FTP: [WinError 10061] No connection could be made because the target machine actively refused it
2024-10-13 22:21:15,323 - FTP: [WinError 10061] No connection could be made because the target machine actively refused it
2024-10-13 22:21:26,839 - FTP: [WinError 10061] No connection could be made because the target machine actively refused it
2024-10-13 22:22:53,976 - FTP: 530 Not logged in.
2024-10-14 13:14:11,793 - FTP: Server 'localhost' not found in known_hosts
2024-10-14 13:14:35,638 - FTP: Server 'localhost' not found in known_hosts
2024-10-14 13:15:02,213 - FTP: Server 'localhost' not found in known_hosts
2024-10-14 13:16:26,803 - FTP: Server 'localhost' not found in known_hosts
2024-10-15 15:01:25,172 - FTP: Authentication failed.
2024-10-15 15:05:14,754 - FTP: Authentication failed.
2024-10-15 15:10:30,347 - FTP: Authentication failed.
2024-10-15 15:13:12,355 - FTP: Authentication failed.
2024-10-15 15:13:42,649 - FTP: Authentication failed.
2024-10-15 15:19:11,247 - FTP: Authentication failed.
2024-10-15 15:22:43,739 - FTP: Authentication failed.
2024-10-15 15:23:07,839 - FTP: Authentication failed.
2024-10-15 15:23:59,843 - FTP: Authentication failed.
2024-10-15 15:24:55,084 - FTP: Authentication failed.
2024-10-15 15:25:24,071 - FTP: Authentication failed.
2024-10-15 15:27:07,783 - FTP: 530 Not logged in.
2024-10-15 15:28:29,302 - FTP: 530 Not logged in.
2024-10-17 14:49:23,197 - FTP: [Errno 2] No such file or directory: ''
2024-10-17 14:53:04,955 - FTP: Authentication failed.
2024-10-17 14:53:34,725 - FTP: [Errno 2] No such file or directory: ''
